<?xml version="1.0" encoding="UTF-8"?>
<robot rpa="false" generated="20181220 13:10:53.197" generator="Robot 3.1a1 (Python 2.7.14 on win32)">
<suite source="C:\hiq_pipo" id="s1" name="Hiq Pipo">
<suite source="C:\hiq_pipo\web_competition" id="s1-s1" name="Web Competition">
<suite source="C:\hiq_pipo\web_competition\01_hiq_competition" id="s1-s1-s1" name="01 Hiq Competition">
<suite source="C:\hiq_pipo\web_competition\01_hiq_competition\quiz_questions.robot" id="s1-s1-s1-s1" name="Quiz Questions">
<kw type="setup" name="User wants to enter competition" library="common_data">
<kw name="Empty output directory if needed" library="common_data">
<kw name="Run Keyword If" library="BuiltIn">
<doc>Runs the given keyword with the given arguments, if ``condition`` is true.</doc>
<arguments>
<arg>'${OUTPUT_DIR_EMPTY}' == 'FALSE'</arg>
<arg>Remove output data</arg>
</arguments>
<msg timestamp="20181220 13:10:54.694" level="FAIL">Variable '${OUTPUT_DIR_EMPTY}' not found.</msg>
<status status="FAIL" endtime="20181220 13:10:54.694" starttime="20181220 13:10:54.693"></status>
</kw>
<status status="FAIL" endtime="20181220 13:10:54.695" starttime="20181220 13:10:54.693"></status>
</kw>
<status status="FAIL" endtime="20181220 13:10:54.695" starttime="20181220 13:10:54.692"></status>
</kw>
<test id="s1-s1-s1-s1-t1" name="Task 1 - Enter HIQ homepage">
<status status="FAIL" endtime="20181220 13:10:54.696" critical="yes" starttime="20181220 13:10:54.695">Parent suite setup failed:
Variable '${OUTPUT_DIR_EMPTY}' not found.</status>
</test>
<test id="s1-s1-s1-s1-t2" name="Task 2 - Open careers">
<status status="FAIL" endtime="20181220 13:10:54.700" critical="yes" starttime="20181220 13:10:54.699">Parent suite setup failed:
Variable '${OUTPUT_DIR_EMPTY}' not found.</status>
</test>
<test id="s1-s1-s1-s1-t3" name="Task 3 - Select a career">
<status status="FAIL" endtime="20181220 13:10:54.704" critical="yes" starttime="20181220 13:10:54.703">Parent suite setup failed:
Variable '${OUTPUT_DIR_EMPTY}' not found.</status>
</test>
<test id="s1-s1-s1-s1-t4" name="Task 4 - View and scroll down career information">
<status status="FAIL" endtime="20181220 13:10:54.707" critical="yes" starttime="20181220 13:10:54.706">Parent suite setup failed:
Variable '${OUTPUT_DIR_EMPTY}' not found.</status>
</test>
<kw type="teardown" name="Close browser" library="common_data">
<kw name="Close All Browsers" library="SeleniumLibrary">
<doc>Closes all open browsers and resets the browser cache.</doc>
<status status="PASS" endtime="20181220 13:10:54.710" starttime="20181220 13:10:54.710"></status>
</kw>
<kw name="Run Keyword If All Tests Passed" library="BuiltIn">
<doc>Runs the given keyword with the given arguments, if all tests passed.</doc>
<arguments>
<arg>Conguratulations</arg>
</arguments>
<status status="PASS" endtime="20181220 13:10:54.711" starttime="20181220 13:10:54.710"></status>
</kw>
<kw name="Run Keyword If Any Tests Failed" library="BuiltIn">
<doc>Runs the given keyword with the given arguments, if one or more tests failed.</doc>
<arguments>
<arg>Better luck next time</arg>
</arguments>
<kw name="Better luck next time" library="common_data">
<kw name="Log To Console" library="BuiltIn">
<doc>Logs the given message to the console.</doc>
<arguments>
<arg>..</arg>
</arguments>
<status status="PASS" endtime="20181220 13:10:54.712" starttime="20181220 13:10:54.711"></status>
</kw>
<kw name="Log To Console" library="BuiltIn">
<doc>Logs the given message to the console.</doc>
<arguments>
<arg>..</arg>
</arguments>
<status status="PASS" endtime="20181220 13:10:54.712" starttime="20181220 13:10:54.712"></status>
</kw>
<kw name="Log To Console" library="BuiltIn">
<doc>Logs the given message to the console.</doc>
<arguments>
<arg>--------------- Some fails occurred ------------------</arg>
</arguments>
<status status="PASS" endtime="20181220 13:10:54.714" starttime="20181220 13:10:54.713"></status>
</kw>
<kw name="Log To Console" library="BuiltIn">
<doc>Logs the given message to the console.</doc>
<arguments>
<arg>---------------BETTER LUCK NEXT TIME!----------------</arg>
</arguments>
<status status="PASS" endtime="20181220 13:10:54.714" starttime="20181220 13:10:54.714"></status>
</kw>
<kw name="Log To Console" library="BuiltIn">
<doc>Logs the given message to the console.</doc>
<arguments>
<arg>..</arg>
</arguments>
<status status="PASS" endtime="20181220 13:10:54.715" starttime="20181220 13:10:54.714"></status>
</kw>
<kw name="Log To Console" library="BuiltIn">
<doc>Logs the given message to the console.</doc>
<arguments>
<arg>..</arg>
</arguments>
<status status="PASS" endtime="20181220 13:10:54.715" starttime="20181220 13:10:54.715"></status>
</kw>
<kw name="Log To Console" library="BuiltIn">
<doc>Logs the given message to the console.</doc>
<arguments>
<arg>............It took ${TOTAL} seconds for you to answer all four questions. :)</arg>
</arguments>
<msg timestamp="20181220 13:10:54.717" level="FAIL">Variable '${TOTAL}' not found.</msg>
<status status="FAIL" endtime="20181220 13:10:54.717" starttime="20181220 13:10:54.716"></status>
</kw>
<kw name="Log To Console" library="BuiltIn">
<doc>Logs the given message to the console.</doc>
<arguments>
<arg>..</arg>
</arguments>
<status status="PASS" endtime="20181220 13:10:54.719" starttime="20181220 13:10:54.717"></status>
</kw>
<kw name="Log To Console" library="BuiltIn">
<doc>Logs the given message to the console.</doc>
<arguments>
<arg>............This quiz was coded using Robot Framework and Python (C) K 2019</arg>
</arguments>
<status status="PASS" endtime="20181220 13:10:54.720" starttime="20181220 13:10:54.719"></status>
</kw>
<kw name="Log To Console" library="BuiltIn">
<doc>Logs the given message to the console.</doc>
<arguments>
<arg>..</arg>
</arguments>
<status status="PASS" endtime="20181220 13:10:54.721" starttime="20181220 13:10:54.720"></status>
</kw>
<kw name="Log To Console" library="BuiltIn">
<doc>Logs the given message to the console.</doc>
<arguments>
<arg>..</arg>
</arguments>
<status status="PASS" endtime="20181220 13:10:54.722" starttime="20181220 13:10:54.721"></status>
</kw>
<kw name="Sleep" library="BuiltIn">
<doc>Pauses the test executed for the given time.</doc>
<arguments>
<arg>3</arg>
</arguments>
<msg timestamp="20181220 13:10:57.722" level="INFO">Slept 3 seconds</msg>
<status status="PASS" endtime="20181220 13:10:57.722" starttime="20181220 13:10:54.722"></status>
</kw>
<status status="FAIL" endtime="20181220 13:10:57.723" starttime="20181220 13:10:54.711"></status>
</kw>
<status status="FAIL" endtime="20181220 13:10:57.723" starttime="20181220 13:10:54.711"></status>
</kw>
<status status="FAIL" endtime="20181220 13:10:57.725" starttime="20181220 13:10:54.710">Variable '${TOTAL}' not found.</status>
</kw>
<status status="FAIL" endtime="20181220 13:10:57.726" starttime="20181220 13:10:54.492">Suite setup failed:
Variable '${OUTPUT_DIR_EMPTY}' not found.

Also suite teardown failed:
Variable '${TOTAL}' not found.</status>
</suite>
<status status="FAIL" endtime="20181220 13:10:57.739" starttime="20181220 13:10:54.489"></status>
</suite>
<status status="FAIL" endtime="20181220 13:10:57.754" starttime="20181220 13:10:54.486"></status>
</suite>
<status status="FAIL" endtime="20181220 13:10:57.764" starttime="20181220 13:10:54.456"></status>
</suite>
<statistics>
<total>
<stat fail="4" pass="0">Critical Tests</stat>
<stat fail="4" pass="0">All Tests</stat>
</total>
<tag>
</tag>
<suite>
<stat fail="4" id="s1" name="Hiq Pipo" pass="0">Hiq Pipo</stat>
<stat fail="4" id="s1-s1" name="Web Competition" pass="0">Hiq Pipo.Web Competition</stat>
<stat fail="4" id="s1-s1-s1" name="01 Hiq Competition" pass="0">Hiq Pipo.Web Competition.01 Hiq Competition</stat>
<stat fail="4" id="s1-s1-s1-s1" name="Quiz Questions" pass="0">Hiq Pipo.Web Competition.01 Hiq Competition.Quiz Questions</stat>
</suite>
</statistics>
<errors>
<msg timestamp="20181220 13:10:54.445" level="ERROR">Processing variable file 'C:\hiq_pipo\web_competition\99_common_data\common_data.py' failed: Importing variable file 'C:\hiq_pipo\web_competition\99_common_data\common_data.py' failed: IOError: [Errno 4] Interrupted function call
Traceback (most recent call last):
  File "C:\hiq_pipo\web_competition\99_common_data\common_data.py", line 64, in &lt;module&gt;
    """)
  File "C:\hiq_pipo\web_competition\99_common_data\common_data.py", line 21, in loader_demo
    time.sleep(0.001)
PYTHONPATH:
  C:\Python27\Scripts\robot.exe
  C:\WINDOWS\SYSTEM32\python27.zip
  c:\python27\DLLs
  c:\python27\lib
  c:\python27\lib\plat-win
  c:\python27\lib\lib-tk
  c:\python27
  c:\python27\lib\site-packages
  c:\python27\lib\site-packages\wx-2.8-msw-unicode</msg>
</errors>
</robot>
